La génération a démarré 12/13/2015 5:14:27 PM.
     1>Projet "C:\Users\valimo\Desktop\Synthèses images\modelisation et animations\BC et OT\streetmodeling\code\IBFV2D.vcxproj" sur le nœud 2 (Build cible(s)).
     1>ClCompile:
         C:\Program Files\Microsoft Visual Studio 11.0\VC\bin\CL.exe /c /ZI /nologo /W3 /WX- /Od /Oy- /D WIN32 /D _WINDOWS /D _DEBUG /D _VC80_UPGRADE=0x0710 /D _MBCS /D _AFXDLL /Gm /EHsc /RTC1 /MDd /GS /fp:precise /Zc:wchar_t /Zc:forScope /Yu"stdafx.h" /Fp"Debug\IBFV2D.pch" /Fo"Debug\\" /Fd"Debug\vc110.pdb" /Gd /TP /analyze- /errorReport:prompt MyDlg1.cpp
         MyDlg1.cpp
     1>c:\users\valimo\desktop\synthèses images\modelisation et animations\bc et ot\streetmodeling\code\vfdatastructure.h(198): warning C4091: 'extern ' : ignoré à gauche de 'Edge' quand aucune variable n'est déclarée
     1>c:\users\valimo\desktop\synthèses images\modelisation et animations\bc et ot\streetmodeling\code\vfdatastructure.h(768): warning C4091: 'extern ' : ignoré à gauche de 'QuadEdge' quand aucune variable n'est déclarée
     1>c:\users\valimo\desktop\synthèses images\modelisation et animations\bc et ot\streetmodeling\code\vfdatastructure.h(769): warning C4091: 'extern ' : ignoré à gauche de 'QuadCell' quand aucune variable n'est déclarée
     1>c:\users\valimo\desktop\synthèses images\modelisation et animations\bc et ot\streetmodeling\code\vfdatastructure.h(1081): warning C4101: 'j' : variable locale non référencée
     1>c:\users\valimo\desktop\synthèses images\modelisation et animations\bc et ot\streetmodeling\code\mydlg1.cpp(530): warning C4996: 'strcpy': This function or variable may be unsafe. Consider using strcpy_s instead. To disable deprecation, use _CRT_SECURE_NO_WARNINGS. See online help for details.
                 c:\program files\microsoft visual studio 11.0\vc\include\string.h(110) : voir la déclaration de 'strcpy'
     1>c:\users\valimo\desktop\synthèses images\modelisation et animations\bc et ot\streetmodeling\code\mydlg1.cpp(553): warning C4996: 'strcpy': This function or variable may be unsafe. Consider using strcpy_s instead. To disable deprecation, use _CRT_SECURE_NO_WARNINGS. See online help for details.
                 c:\program files\microsoft visual studio 11.0\vc\include\string.h(110) : voir la déclaration de 'strcpy'
     1>c:\users\valimo\desktop\synthèses images\modelisation et animations\bc et ot\streetmodeling\code\mydlg1.cpp(698): warning C4996: 'strcpy': This function or variable may be unsafe. Consider using strcpy_s instead. To disable deprecation, use _CRT_SECURE_NO_WARNINGS. See online help for details.
                 c:\program files\microsoft visual studio 11.0\vc\include\string.h(110) : voir la déclaration de 'strcpy'
     1>c:\users\valimo\desktop\synthèses images\modelisation et animations\bc et ot\streetmodeling\code\mydlg1.cpp(722): warning C4996: 'strcpy': This function or variable may be unsafe. Consider using strcpy_s instead. To disable deprecation, use _CRT_SECURE_NO_WARNINGS. See online help for details.
                 c:\program files\microsoft visual studio 11.0\vc\include\string.h(110) : voir la déclaration de 'strcpy'
     1>c:\users\valimo\desktop\synthèses images\modelisation et animations\bc et ot\streetmodeling\code\mydlg1.cpp(885): warning C4101: 'fp' : variable locale non référencée
     1>c:\users\valimo\desktop\synthèses images\modelisation et animations\bc et ot\streetmodeling\code\mydlg1.cpp(1041): warning C4996: 'strcpy': This function or variable may be unsafe. Consider using strcpy_s instead. To disable deprecation, use _CRT_SECURE_NO_WARNINGS. See online help for details.
                 c:\program files\microsoft visual studio 11.0\vc\include\string.h(110) : voir la déclaration de 'strcpy'
     1>c:\users\valimo\desktop\synthèses images\modelisation et animations\bc et ot\streetmodeling\code\mydlg1.cpp(1064): warning C4996: 'strcpy': This function or variable may be unsafe. Consider using strcpy_s instead. To disable deprecation, use _CRT_SECURE_NO_WARNINGS. See online help for details.
                 c:\program files\microsoft visual studio 11.0\vc\include\string.h(110) : voir la déclaration de 'strcpy'
     1>c:\users\valimo\desktop\synthèses images\modelisation et animations\bc et ot\streetmodeling\code\mydlg1.cpp(1091): warning C4101: 'fp' : variable locale non référencée
     1>c:\users\valimo\desktop\synthèses images\modelisation et animations\bc et ot\streetmodeling\code\mydlg1.cpp(1321): warning C4996: 'strcpy': This function or variable may be unsafe. Consider using strcpy_s instead. To disable deprecation, use _CRT_SECURE_NO_WARNINGS. See online help for details.
                 c:\program files\microsoft visual studio 11.0\vc\include\string.h(110) : voir la déclaration de 'strcpy'
     1>c:\users\valimo\desktop\synthèses images\modelisation et animations\bc et ot\streetmodeling\code\mydlg1.cpp(1345): warning C4996: 'strcpy': This function or variable may be unsafe. Consider using strcpy_s instead. To disable deprecation, use _CRT_SECURE_NO_WARNINGS. See online help for details.
                 c:\program files\microsoft visual studio 11.0\vc\include\string.h(110) : voir la déclaration de 'strcpy'
       Link:
         C:\Program Files\Microsoft Visual Studio 11.0\VC\bin\link.exe /ERRORREPORT:PROMPT /OUT:"Debug\IBFV2D.exe" /INCREMENTAL /NOLOGO opengl32.lib glu32.lib glut32.lib /MANIFEST /MANIFESTUAC:"level='asInvoker' uiAccess='false'" /manifest:embed /manifestinput:"C:\Program Files\Microsoft Visual Studio 11.0\VC\Include\Manifest\dpiaware.manifest" /DEBUG /PDB:"Debug\IBFV2D.pdb" /SUBSYSTEM:WINDOWS /TLBID:1 /DYNAMICBASE /NXCOMPAT /IMPLIB:"Debug\IBFV2D.lib" /MACHINE:X86 /SAFESEH:NO Debug\IBFV2D.res
         Debug\SaveProjectSetting.obj
         Debug\SaveProjSettingDlg.obj
         Debug\stdafx.obj
         Debug\BuildMCG.obj
         Debug\CalDeformation.obj
         Debug\CalDivandCurl.obj
         Debug\ClosedStreamlineTracing.obj
         Debug\ConleyRelationGraph.obj
         Debug\LocalTracing.obj
         Debug\Taustep.obj
         Debug\tensoranalysis.obj
         Debug\VFAnalysis.obj
         Debug\FindSCC.obj
         Debug\FindSepAttPoints.obj
         Debug\LimitCycleDetect.obj
         Debug\NewLimitCycleDetect.obj
         Debug\SCCCycleDetect.obj
         Debug\Temp_LimitcycleDetect.obj
         Debug\AddNoise.obj
         Debug\LimitCycleEdit.obj
         Debug\LocalRegionEdit.obj
         Debug\PairCancellationModule.obj
         Debug\regionsmooth_quad.obj
         Debug\RegionSmoothing.obj
         Debug\SeparatrixEdit.obj
         Debug\topologyedit.obj
         Debug\PlyLoader.obj
         Debug\Polygon3D.obj
         Debug\ComputeRoadVis.obj
         Debug\ConleyGraphView.obj
         Debug\Evenstreamlines.obj
         Debug\GlView.obj
         Debug\LoadMaps.obj
         Debug\tensorvis.obj
         Debug\TraceBall.obj
         Debug\IBFV2D.obj
         Debug\IBFVDlg.obj
         Debug\MajRoadSettingDlg.obj
         Debug\MinRoadSetDlg.obj
         Debug\MyDlg1.obj
         Debug\MyDlg2.obj
         Debug\MyTabCtrl.obj
         Debug\NoiseCtrlPanel.obj
         Debug\SeedPtCtrlDlg.obj
         Debug\StreetEditPanel.obj
         Debug\StreetNetPanel.obj
         Debug\BmpProcess.obj
         Debug\ImgBoundaryExtract.obj
         Debug\Numerical.obj
         Debug\SCCVerify.obj
         Debug\BoundaryBasedTenGen.obj
         Debug\HermiteCurve.obj
         Debug\LimitCycleCreator.obj
         Debug\ScalarDesign.obj
         Debug\SketchDesign.obj
         Debug\tensordesign.obj
         Debug\VFSynthesis.obj
         IBFV2D.vcxproj -> C:\Users\valimo\Desktop\Synthèses images\modelisation et animations\BC et OT\streetmodeling\code\Debug\IBFV2D.exe
     1>Génération du projet "C:\Users\valimo\Desktop\Synthèses images\modelisation et animations\BC et OT\streetmodeling\code\IBFV2D.vcxproj" terminée (Build cible(s)).

La génération a réussi.

Temps écoulé 00:00:01.27
