C:\USERS\VALIMO\DESKTOP\SYNTHèSES IMAGES\MODELISATION ET ANIMATIONS\BC ET OT\STREETMODELING\CODE\DEBUG\IBFV2D.PCH
C:\USERS\VALIMO\DESKTOP\SYNTHèSES IMAGES\MODELISATION ET ANIMATIONS\BC ET OT\STREETMODELING\CODE\DEBUG\STDAFX.OBJ
C:\USERS\VALIMO\DESKTOP\SYNTHÈSES IMAGES\MODELISATION ET ANIMATIONS\BC ET OT\STREETMODELING\CODE\DEBUG\VC110.PDB
C:\USERS\VALIMO\DESKTOP\SYNTHèSES IMAGES\MODELISATION ET ANIMATIONS\BC ET OT\STREETMODELING\CODE\DEBUG\MAJROADSETTINGDLG.OBJ
C:\USERS\VALIMO\DESKTOP\SYNTHèSES IMAGES\MODELISATION ET ANIMATIONS\BC ET OT\STREETMODELING\CODE\DEBUG\MINROADSETDLG.OBJ
C:\USERS\VALIMO\DESKTOP\SYNTHèSES IMAGES\MODELISATION ET ANIMATIONS\BC ET OT\STREETMODELING\CODE\DEBUG\MYDLG1.OBJ
C:\USERS\VALIMO\DESKTOP\SYNTHèSES IMAGES\MODELISATION ET ANIMATIONS\BC ET OT\STREETMODELING\CODE\DEBUG\MYDLG2.OBJ
C:\USERS\VALIMO\DESKTOP\SYNTHèSES IMAGES\MODELISATION ET ANIMATIONS\BC ET OT\STREETMODELING\CODE\DEBUG\MYTABCTRL.OBJ
C:\USERS\VALIMO\DESKTOP\SYNTHèSES IMAGES\MODELISATION ET ANIMATIONS\BC ET OT\STREETMODELING\CODE\DEBUG\NOISECTRLPANEL.OBJ
C:\USERS\VALIMO\DESKTOP\SYNTHèSES IMAGES\MODELISATION ET ANIMATIONS\BC ET OT\STREETMODELING\CODE\DEBUG\SEEDPTCTRLDLG.OBJ
C:\USERS\VALIMO\DESKTOP\SYNTHèSES IMAGES\MODELISATION ET ANIMATIONS\BC ET OT\STREETMODELING\CODE\DEBUG\STREETEDITPANEL.OBJ
C:\USERS\VALIMO\DESKTOP\SYNTHèSES IMAGES\MODELISATION ET ANIMATIONS\BC ET OT\STREETMODELING\CODE\DEBUG\STREETNETPANEL.OBJ
C:\USERS\VALIMO\DESKTOP\SYNTHèSES IMAGES\MODELISATION ET ANIMATIONS\BC ET OT\STREETMODELING\CODE\DEBUG\BMPPROCESS.OBJ
C:\USERS\VALIMO\DESKTOP\SYNTHèSES IMAGES\MODELISATION ET ANIMATIONS\BC ET OT\STREETMODELING\CODE\DEBUG\IMGBOUNDARYEXTRACT.OBJ
C:\USERS\VALIMO\DESKTOP\SYNTHèSES IMAGES\MODELISATION ET ANIMATIONS\BC ET OT\STREETMODELING\CODE\DEBUG\NUMERICAL.OBJ
C:\USERS\VALIMO\DESKTOP\SYNTHèSES IMAGES\MODELISATION ET ANIMATIONS\BC ET OT\STREETMODELING\CODE\DEBUG\SCCVERIFY.OBJ
C:\USERS\VALIMO\DESKTOP\SYNTHèSES IMAGES\MODELISATION ET ANIMATIONS\BC ET OT\STREETMODELING\CODE\DEBUG\BOUNDARYBASEDTENGEN.OBJ
C:\USERS\VALIMO\DESKTOP\SYNTHèSES IMAGES\MODELISATION ET ANIMATIONS\BC ET OT\STREETMODELING\CODE\DEBUG\HERMITECURVE.OBJ
C:\USERS\VALIMO\DESKTOP\SYNTHèSES IMAGES\MODELISATION ET ANIMATIONS\BC ET OT\STREETMODELING\CODE\DEBUG\LIMITCYCLECREATOR.OBJ
C:\USERS\VALIMO\DESKTOP\SYNTHèSES IMAGES\MODELISATION ET ANIMATIONS\BC ET OT\STREETMODELING\CODE\DEBUG\SCALARDESIGN.OBJ
C:\USERS\VALIMO\DESKTOP\SYNTHèSES IMAGES\MODELISATION ET ANIMATIONS\BC ET OT\STREETMODELING\CODE\DEBUG\SKETCHDESIGN.OBJ
C:\USERS\VALIMO\DESKTOP\SYNTHèSES IMAGES\MODELISATION ET ANIMATIONS\BC ET OT\STREETMODELING\CODE\DEBUG\TENSORDESIGN.OBJ
C:\USERS\VALIMO\DESKTOP\SYNTHèSES IMAGES\MODELISATION ET ANIMATIONS\BC ET OT\STREETMODELING\CODE\DEBUG\VFSYNTHESIS.OBJ
C:\USERS\VALIMO\DESKTOP\SYNTHèSES IMAGES\MODELISATION ET ANIMATIONS\BC ET OT\STREETMODELING\CODE\DEBUG\TEMP_LIMITCYCLEDETECT.OBJ
C:\USERS\VALIMO\DESKTOP\SYNTHèSES IMAGES\MODELISATION ET ANIMATIONS\BC ET OT\STREETMODELING\CODE\DEBUG\ADDNOISE.OBJ
C:\USERS\VALIMO\DESKTOP\SYNTHèSES IMAGES\MODELISATION ET ANIMATIONS\BC ET OT\STREETMODELING\CODE\DEBUG\LIMITCYCLEEDIT.OBJ
C:\USERS\VALIMO\DESKTOP\SYNTHèSES IMAGES\MODELISATION ET ANIMATIONS\BC ET OT\STREETMODELING\CODE\DEBUG\LOCALREGIONEDIT.OBJ
C:\USERS\VALIMO\DESKTOP\SYNTHèSES IMAGES\MODELISATION ET ANIMATIONS\BC ET OT\STREETMODELING\CODE\DEBUG\PAIRCANCELLATIONMODULE.OBJ
C:\USERS\VALIMO\DESKTOP\SYNTHèSES IMAGES\MODELISATION ET ANIMATIONS\BC ET OT\STREETMODELING\CODE\DEBUG\REGIONSMOOTH_QUAD.OBJ
C:\USERS\VALIMO\DESKTOP\SYNTHèSES IMAGES\MODELISATION ET ANIMATIONS\BC ET OT\STREETMODELING\CODE\DEBUG\REGIONSMOOTHING.OBJ
C:\USERS\VALIMO\DESKTOP\SYNTHèSES IMAGES\MODELISATION ET ANIMATIONS\BC ET OT\STREETMODELING\CODE\DEBUG\SEPARATRIXEDIT.OBJ
C:\USERS\VALIMO\DESKTOP\SYNTHèSES IMAGES\MODELISATION ET ANIMATIONS\BC ET OT\STREETMODELING\CODE\DEBUG\TOPOLOGYEDIT.OBJ
C:\USERS\VALIMO\DESKTOP\SYNTHèSES IMAGES\MODELISATION ET ANIMATIONS\BC ET OT\STREETMODELING\CODE\DEBUG\PLYLOADER.OBJ
C:\USERS\VALIMO\DESKTOP\SYNTHèSES IMAGES\MODELISATION ET ANIMATIONS\BC ET OT\STREETMODELING\CODE\DEBUG\POLYGON3D.OBJ
C:\USERS\VALIMO\DESKTOP\SYNTHèSES IMAGES\MODELISATION ET ANIMATIONS\BC ET OT\STREETMODELING\CODE\DEBUG\COMPUTEROADVIS.OBJ
C:\USERS\VALIMO\DESKTOP\SYNTHèSES IMAGES\MODELISATION ET ANIMATIONS\BC ET OT\STREETMODELING\CODE\DEBUG\CONLEYGRAPHVIEW.OBJ
C:\USERS\VALIMO\DESKTOP\SYNTHèSES IMAGES\MODELISATION ET ANIMATIONS\BC ET OT\STREETMODELING\CODE\DEBUG\EVENSTREAMLINES.OBJ
C:\USERS\VALIMO\DESKTOP\SYNTHèSES IMAGES\MODELISATION ET ANIMATIONS\BC ET OT\STREETMODELING\CODE\DEBUG\GLVIEW.OBJ
C:\USERS\VALIMO\DESKTOP\SYNTHèSES IMAGES\MODELISATION ET ANIMATIONS\BC ET OT\STREETMODELING\CODE\DEBUG\LOADMAPS.OBJ
C:\USERS\VALIMO\DESKTOP\SYNTHèSES IMAGES\MODELISATION ET ANIMATIONS\BC ET OT\STREETMODELING\CODE\DEBUG\TENSORVIS.OBJ
C:\USERS\VALIMO\DESKTOP\SYNTHèSES IMAGES\MODELISATION ET ANIMATIONS\BC ET OT\STREETMODELING\CODE\DEBUG\TRACEBALL.OBJ
C:\USERS\VALIMO\DESKTOP\SYNTHèSES IMAGES\MODELISATION ET ANIMATIONS\BC ET OT\STREETMODELING\CODE\DEBUG\IBFV2D.OBJ
C:\USERS\VALIMO\DESKTOP\SYNTHèSES IMAGES\MODELISATION ET ANIMATIONS\BC ET OT\STREETMODELING\CODE\DEBUG\IBFVDLG.OBJ
C:\USERS\VALIMO\DESKTOP\SYNTHèSES IMAGES\MODELISATION ET ANIMATIONS\BC ET OT\STREETMODELING\CODE\DEBUG\SAVEPROJECTSETTING.OBJ
C:\USERS\VALIMO\DESKTOP\SYNTHèSES IMAGES\MODELISATION ET ANIMATIONS\BC ET OT\STREETMODELING\CODE\DEBUG\SAVEPROJSETTINGDLG.OBJ
C:\USERS\VALIMO\DESKTOP\SYNTHèSES IMAGES\MODELISATION ET ANIMATIONS\BC ET OT\STREETMODELING\CODE\DEBUG\BUILDMCG.OBJ
C:\USERS\VALIMO\DESKTOP\SYNTHèSES IMAGES\MODELISATION ET ANIMATIONS\BC ET OT\STREETMODELING\CODE\DEBUG\CALDEFORMATION.OBJ
C:\USERS\VALIMO\DESKTOP\SYNTHèSES IMAGES\MODELISATION ET ANIMATIONS\BC ET OT\STREETMODELING\CODE\DEBUG\CALDIVANDCURL.OBJ
C:\USERS\VALIMO\DESKTOP\SYNTHèSES IMAGES\MODELISATION ET ANIMATIONS\BC ET OT\STREETMODELING\CODE\DEBUG\CLOSEDSTREAMLINETRACING.OBJ
C:\USERS\VALIMO\DESKTOP\SYNTHèSES IMAGES\MODELISATION ET ANIMATIONS\BC ET OT\STREETMODELING\CODE\DEBUG\CONLEYRELATIONGRAPH.OBJ
C:\USERS\VALIMO\DESKTOP\SYNTHèSES IMAGES\MODELISATION ET ANIMATIONS\BC ET OT\STREETMODELING\CODE\DEBUG\LOCALTRACING.OBJ
C:\USERS\VALIMO\DESKTOP\SYNTHèSES IMAGES\MODELISATION ET ANIMATIONS\BC ET OT\STREETMODELING\CODE\DEBUG\TAUSTEP.OBJ
C:\USERS\VALIMO\DESKTOP\SYNTHèSES IMAGES\MODELISATION ET ANIMATIONS\BC ET OT\STREETMODELING\CODE\DEBUG\TENSORANALYSIS.OBJ
C:\USERS\VALIMO\DESKTOP\SYNTHèSES IMAGES\MODELISATION ET ANIMATIONS\BC ET OT\STREETMODELING\CODE\DEBUG\VFANALYSIS.OBJ
C:\USERS\VALIMO\DESKTOP\SYNTHèSES IMAGES\MODELISATION ET ANIMATIONS\BC ET OT\STREETMODELING\CODE\DEBUG\FINDSCC.OBJ
C:\USERS\VALIMO\DESKTOP\SYNTHèSES IMAGES\MODELISATION ET ANIMATIONS\BC ET OT\STREETMODELING\CODE\DEBUG\FINDSEPATTPOINTS.OBJ
C:\USERS\VALIMO\DESKTOP\SYNTHèSES IMAGES\MODELISATION ET ANIMATIONS\BC ET OT\STREETMODELING\CODE\DEBUG\LIMITCYCLEDETECT.OBJ
C:\USERS\VALIMO\DESKTOP\SYNTHèSES IMAGES\MODELISATION ET ANIMATIONS\BC ET OT\STREETMODELING\CODE\DEBUG\NEWLIMITCYCLEDETECT.OBJ
C:\USERS\VALIMO\DESKTOP\SYNTHèSES IMAGES\MODELISATION ET ANIMATIONS\BC ET OT\STREETMODELING\CODE\DEBUG\SCCCYCLEDETECT.OBJ
C:\USERS\VALIMO\DESKTOP\SYNTHèSES IMAGES\MODELISATION ET ANIMATIONS\BC ET OT\STREETMODELING\CODE\DEBUG\IBFV2D.ILK
C:\USERS\VALIMO\DESKTOP\SYNTHèSES IMAGES\MODELISATION ET ANIMATIONS\BC ET OT\STREETMODELING\CODE\DEBUG\IBFV2D.EXE
C:\USERS\VALIMO\DESKTOP\SYNTHÈSES IMAGES\MODELISATION ET ANIMATIONS\BC ET OT\STREETMODELING\CODE\DEBUG\IBFV2D.PDB
C:\USERS\VALIMO\DESKTOP\SYNTHèSES IMAGES\MODELISATION ET ANIMATIONS\BC ET OT\STREETMODELING\CODE\DEBUG\IBFV2D.RES
C:\Users\valimo\Desktop\Synthèses images\modelisation et animations\BC et OT\streetmodeling\code\Debug\AddNoise.obj
C:\Users\valimo\Desktop\Synthèses images\modelisation et animations\BC et OT\streetmodeling\code\Debug\BmpProcess.obj
C:\Users\valimo\Desktop\Synthèses images\modelisation et animations\BC et OT\streetmodeling\code\Debug\BoundaryBasedTenGen.obj
C:\Users\valimo\Desktop\Synthèses images\modelisation et animations\BC et OT\streetmodeling\code\Debug\BuildMCG.obj
C:\Users\valimo\Desktop\Synthèses images\modelisation et animations\BC et OT\streetmodeling\code\Debug\CalDeformation.obj
C:\Users\valimo\Desktop\Synthèses images\modelisation et animations\BC et OT\streetmodeling\code\Debug\CalDivandCurl.obj
C:\Users\valimo\Desktop\Synthèses images\modelisation et animations\BC et OT\streetmodeling\code\Debug\ClosedStreamlineTracing.obj
C:\Users\valimo\Desktop\Synthèses images\modelisation et animations\BC et OT\streetmodeling\code\Debug\ComputeRoadVis.obj
C:\Users\valimo\Desktop\Synthèses images\modelisation et animations\BC et OT\streetmodeling\code\Debug\ConleyGraphView.obj
C:\Users\valimo\Desktop\Synthèses images\modelisation et animations\BC et OT\streetmodeling\code\Debug\ConleyRelationGraph.obj
C:\Users\valimo\Desktop\Synthèses images\modelisation et animations\BC et OT\streetmodeling\code\Debug\Evenstreamlines.obj
C:\Users\valimo\Desktop\Synthèses images\modelisation et animations\BC et OT\streetmodeling\code\Debug\FindSCC.obj
C:\Users\valimo\Desktop\Synthèses images\modelisation et animations\BC et OT\streetmodeling\code\Debug\FindSepAttPoints.obj
C:\Users\valimo\Desktop\Synthèses images\modelisation et animations\BC et OT\streetmodeling\code\Debug\GlView.obj
C:\Users\valimo\Desktop\Synthèses images\modelisation et animations\BC et OT\streetmodeling\code\Debug\HermiteCurve.obj
C:\Users\valimo\Desktop\Synthèses images\modelisation et animations\BC et OT\streetmodeling\code\Debug\IBFV2D.obj
C:\Users\valimo\Desktop\Synthèses images\modelisation et animations\BC et OT\streetmodeling\code\Debug\IBFVDlg.obj
C:\Users\valimo\Desktop\Synthèses images\modelisation et animations\BC et OT\streetmodeling\code\Debug\ImgBoundaryExtract.obj
C:\Users\valimo\Desktop\Synthèses images\modelisation et animations\BC et OT\streetmodeling\code\Debug\LimitCycleCreator.obj
C:\Users\valimo\Desktop\Synthèses images\modelisation et animations\BC et OT\streetmodeling\code\Debug\LimitCycleDetect.obj
C:\Users\valimo\Desktop\Synthèses images\modelisation et animations\BC et OT\streetmodeling\code\Debug\LimitCycleEdit.obj
C:\Users\valimo\Desktop\Synthèses images\modelisation et animations\BC et OT\streetmodeling\code\Debug\LoadMaps.obj
C:\Users\valimo\Desktop\Synthèses images\modelisation et animations\BC et OT\streetmodeling\code\Debug\LocalRegionEdit.obj
C:\Users\valimo\Desktop\Synthèses images\modelisation et animations\BC et OT\streetmodeling\code\Debug\LocalTracing.obj
C:\Users\valimo\Desktop\Synthèses images\modelisation et animations\BC et OT\streetmodeling\code\Debug\MajRoadSettingDlg.obj
C:\Users\valimo\Desktop\Synthèses images\modelisation et animations\BC et OT\streetmodeling\code\Debug\MinRoadSetDlg.obj
C:\Users\valimo\Desktop\Synthèses images\modelisation et animations\BC et OT\streetmodeling\code\Debug\MyDlg1.obj
C:\Users\valimo\Desktop\Synthèses images\modelisation et animations\BC et OT\streetmodeling\code\Debug\MyDlg2.obj
C:\Users\valimo\Desktop\Synthèses images\modelisation et animations\BC et OT\streetmodeling\code\Debug\MyTabCtrl.obj
C:\Users\valimo\Desktop\Synthèses images\modelisation et animations\BC et OT\streetmodeling\code\Debug\NewLimitCycleDetect.obj
C:\Users\valimo\Desktop\Synthèses images\modelisation et animations\BC et OT\streetmodeling\code\Debug\NoiseCtrlPanel.obj
C:\Users\valimo\Desktop\Synthèses images\modelisation et animations\BC et OT\streetmodeling\code\Debug\Numerical.obj
C:\Users\valimo\Desktop\Synthèses images\modelisation et animations\BC et OT\streetmodeling\code\Debug\PairCancellationModule.obj
C:\Users\valimo\Desktop\Synthèses images\modelisation et animations\BC et OT\streetmodeling\code\Debug\PlyLoader.obj
C:\Users\valimo\Desktop\Synthèses images\modelisation et animations\BC et OT\streetmodeling\code\Debug\Polygon3D.obj
C:\Users\valimo\Desktop\Synthèses images\modelisation et animations\BC et OT\streetmodeling\code\Debug\RegionSmoothing.obj
C:\Users\valimo\Desktop\Synthèses images\modelisation et animations\BC et OT\streetmodeling\code\Debug\regionsmooth_quad.obj
C:\Users\valimo\Desktop\Synthèses images\modelisation et animations\BC et OT\streetmodeling\code\Debug\SaveProjectSetting.obj
C:\Users\valimo\Desktop\Synthèses images\modelisation et animations\BC et OT\streetmodeling\code\Debug\SaveProjSettingDlg.obj
C:\Users\valimo\Desktop\Synthèses images\modelisation et animations\BC et OT\streetmodeling\code\Debug\ScalarDesign.obj
C:\Users\valimo\Desktop\Synthèses images\modelisation et animations\BC et OT\streetmodeling\code\Debug\SCCCycleDetect.obj
C:\Users\valimo\Desktop\Synthèses images\modelisation et animations\BC et OT\streetmodeling\code\Debug\SCCVerify.obj
C:\Users\valimo\Desktop\Synthèses images\modelisation et animations\BC et OT\streetmodeling\code\Debug\SeedPtCtrlDlg.obj
C:\Users\valimo\Desktop\Synthèses images\modelisation et animations\BC et OT\streetmodeling\code\Debug\SeparatrixEdit.obj
C:\Users\valimo\Desktop\Synthèses images\modelisation et animations\BC et OT\streetmodeling\code\Debug\SketchDesign.obj
C:\Users\valimo\Desktop\Synthèses images\modelisation et animations\BC et OT\streetmodeling\code\Debug\stdafx.obj
C:\Users\valimo\Desktop\Synthèses images\modelisation et animations\BC et OT\streetmodeling\code\Debug\StreetEditPanel.obj
C:\Users\valimo\Desktop\Synthèses images\modelisation et animations\BC et OT\streetmodeling\code\Debug\StreetNetPanel.obj
C:\Users\valimo\Desktop\Synthèses images\modelisation et animations\BC et OT\streetmodeling\code\Debug\Taustep.obj
C:\Users\valimo\Desktop\Synthèses images\modelisation et animations\BC et OT\streetmodeling\code\Debug\Temp_LimitcycleDetect.obj
C:\Users\valimo\Desktop\Synthèses images\modelisation et animations\BC et OT\streetmodeling\code\Debug\tensoranalysis.obj
C:\Users\valimo\Desktop\Synthèses images\modelisation et animations\BC et OT\streetmodeling\code\Debug\tensordesign.obj
C:\Users\valimo\Desktop\Synthèses images\modelisation et animations\BC et OT\streetmodeling\code\Debug\tensorvis.obj
C:\Users\valimo\Desktop\Synthèses images\modelisation et animations\BC et OT\streetmodeling\code\Debug\topologyedit.obj
C:\Users\valimo\Desktop\Synthèses images\modelisation et animations\BC et OT\streetmodeling\code\Debug\TraceBall.obj
C:\Users\valimo\Desktop\Synthèses images\modelisation et animations\BC et OT\streetmodeling\code\Debug\VFAnalysis.obj
C:\Users\valimo\Desktop\Synthèses images\modelisation et animations\BC et OT\streetmodeling\code\Debug\VFSynthesis.obj
C:\Users\valimo\Desktop\Synthèses images\modelisation et animations\BC et OT\streetmodeling\code\Debug\IBFV2D.ilk
C:\Users\valimo\Desktop\Synthèses images\modelisation et animations\BC et OT\streetmodeling\code\Debug\cl.command.1.tlog
C:\Users\valimo\Desktop\Synthèses images\modelisation et animations\BC et OT\streetmodeling\code\Debug\CL.read.1.tlog
C:\Users\valimo\Desktop\Synthèses images\modelisation et animations\BC et OT\streetmodeling\code\Debug\CL.write.1.tlog
C:\Users\valimo\Desktop\Synthèses images\modelisation et animations\BC et OT\streetmodeling\code\Debug\link-cvtres.read.1.tlog
C:\Users\valimo\Desktop\Synthèses images\modelisation et animations\BC et OT\streetmodeling\code\Debug\link-cvtres.write.1.tlog
C:\Users\valimo\Desktop\Synthèses images\modelisation et animations\BC et OT\streetmodeling\code\Debug\link-mt.read.1.tlog
C:\Users\valimo\Desktop\Synthèses images\modelisation et animations\BC et OT\streetmodeling\code\Debug\link-mt.write.1.tlog
C:\Users\valimo\Desktop\Synthèses images\modelisation et animations\BC et OT\streetmodeling\code\Debug\link-rc.read.1.tlog
C:\Users\valimo\Desktop\Synthèses images\modelisation et animations\BC et OT\streetmodeling\code\Debug\link-rc.write.1.tlog
C:\Users\valimo\Desktop\Synthèses images\modelisation et animations\BC et OT\streetmodeling\code\Debug\link.command.1.tlog
C:\Users\valimo\Desktop\Synthèses images\modelisation et animations\BC et OT\streetmodeling\code\Debug\link.read.1.tlog
C:\Users\valimo\Desktop\Synthèses images\modelisation et animations\BC et OT\streetmodeling\code\Debug\link.write.1.tlog
C:\Users\valimo\Desktop\Synthèses images\modelisation et animations\BC et OT\streetmodeling\code\Debug\rc.command.1.tlog
C:\Users\valimo\Desktop\Synthèses images\modelisation et animations\BC et OT\streetmodeling\code\Debug\rc.read.1.tlog
C:\Users\valimo\Desktop\Synthèses images\modelisation et animations\BC et OT\streetmodeling\code\Debug\rc.write.1.tlog
C:\Users\valimo\Desktop\Synthèses images\modelisation et animations\BC et OT\streetmodeling\code\Debug\IBFV2D.res
C:\Users\valimo\Desktop\Synthèses images\modelisation et animations\BC et OT\streetmodeling\code\Debug\IBFV2D.pch
C:\Users\valimo\Desktop\Synthèses images\modelisation et animations\BC et OT\streetmodeling\code\Debug\vc110.idb
C:\Users\valimo\Desktop\Synthèses images\modelisation et animations\BC et OT\streetmodeling\code\Debug\IBFV2D.pdb
C:\Users\valimo\Desktop\Synthèses images\modelisation et animations\BC et OT\streetmodeling\code\Debug\vc110.pdb
C:\Users\valimo\Desktop\Synthèses images\modelisation et animations\BC et OT\streetmodeling\code\Debug\IBFV2D.exe
